C51 COMPILER V9.54   1602                                                                  07/22/2015 21:48:18 PAGE 1   


C51 COMPILER V9.54, COMPILATION OF MODULE 1602
OBJECT MODULE PLACED IN .\Objects\1602.obj
COMPILER INVOKED BY: C:\Keil_v5\C51\BIN\C51.EXE 1602.c OPTIMIZE(8,SPEED) BROWSE DEBUG OBJECTEXTEND PRINT(.\Listings\1602
                    -.lst) TABS(2) OBJECT(.\Objects\1602.obj)

line level    source

   1          /*
   2            LCD1602 
   3          */
   4          
   5          #include "1602.h"
   6          #include "delay.h"
   7          
   8          //define 
   9          sbit RS = P2^4;
  10          sbit RW = P2^5;
  11          sbit EN = P2^6;
  12          
  13          #define DataPort P0
  14          
  15          /*
  16            Func: 判断LCD是否忙
  17          */
  18          bit LCD_Check_Busy(){
  19   1        DataPort = 0xFF;
  20   1        RS = 0;
  21   1        RW = 1;
  22   1        EN = 0;
  23   1        _nop_();
  24   1        EN = 1;
  25   1        return (bit)(DataPort & 0x80);
  26   1      }
  27          
  28          /*
  29            Func: 写入命令
  30          */
  31          void LCD_Write_Com(unsigned char com){
  32   1        while(LCD_Check_Busy());
  33   1        RS = 0;
  34   1        RW = 0;
  35   1        EN = 1;
  36   1        DataPort = com;
  37   1        _nop_();
  38   1        EN = 0;
  39   1      }
  40          
  41          /*
  42            Func: 写入数据
  43          */
  44          void LCD_Write_Data(unsigned char _data){
  45   1        while(LCD_Check_Busy());
  46   1        RS = 1;
  47   1        RW = 0;
  48   1        EN = 1;
  49   1        DataPort = _data;
  50   1        _nop_();
  51   1        EN = 0;
  52   1      }
  53          
  54          /*
C51 COMPILER V9.54   1602                                                                  07/22/2015 21:48:18 PAGE 2   

  55            Func: 清屏
  56          */
  57          void LCD_Clear(){
  58   1        LCD_Write_Com(0x01);
  59   1        DelayMs(5);
  60   1      }
  61          
  62          /*
  63            Func: 初始化LCD
  64          */
  65          void LCD_Init() {
  66   1        LCD_Write_Com(0x38);
  67   1        DelayMs(5);
  68   1        LCD_Write_Com(0x38);
  69   1        DelayMs(5);
  70   1      
  71   1        LCD_Write_Com(0x38); //2行 8位传送 5*7 点阵 #6
  72   1        LCD_Write_Com(0x08); //关闭LCD  #4
  73   1        LCD_Write_Com(0x01); //清屏
  74   1        LCD_Write_Com(0x06); //输入设置 #3 画面不动 AC自动加一
  75   1        DelayMs(5);
  76   1        LCD_Write_Com(0x0C); //开光标   #4 光标开 闪烁关
  77   1      }
  78          
  79          /*
  80            Func: 写入字符串
  81          */
  82          void LCD_Write_Str(unsigned char x, unsigned char y, unsigned char *str){
  83   1        if(y == 0){
  84   2          LCD_Write_Com(0x80 + x);
  85   2        }
  86   1        else{
  87   2          LCD_Write_Com(0xC0 + x);
  88   2        }
  89   1        while(*str){
  90   2          LCD_Write_Data(*str);
  91   2          str++;
  92   2        }
  93   1      }
  94          
  95          


MODULE INFORMATION:   STATIC OVERLAYABLE
   CODE SIZE        =    145    ----
   CONSTANT SIZE    =   ----    ----
   XDATA SIZE       =   ----    ----
   PDATA SIZE       =   ----    ----
   DATA SIZE        =   ----    ----
   IDATA SIZE       =   ----    ----
   BIT SIZE         =   ----    ----
END OF MODULE INFORMATION.


C51 COMPILATION COMPLETE.  0 WARNING(S),  0 ERROR(S)
