C51 COMPILER V9.54   TM7705                                                                07/17/2015 21:57:06 PAGE 1   


C51 COMPILER V9.54, COMPILATION OF MODULE TM7705
OBJECT MODULE PLACED IN .\Objects\tm7705.obj
COMPILER INVOKED BY: C:\Keil_v5\C51\BIN\C51.EXE tm7705.c OPTIMIZE(8,SPEED) BROWSE DEBUG OBJECTEXTEND PRINT(.\Listings\tm
                    -7705.lst) TABS(2) OBJECT(.\Objects\tm7705.obj)

line level    source

   1          /*
   2            TM7705 驱动模块
   3          */
   4          
   5          /*                    
   6            接线方法： STC89C52开发板，请使用杜邦线连接。
   7          
   8              TM7705模块   STC89C52开发板
   9                VCC   ------  5.0V (3.3V)
  10                GND   ------  GND
  11                CS    ------  P1.0
  12                RST   ------  P1.1   
  13                DIN   ------  P1.2
  14              SCK   ------  P1.3
  15                DOUT  ------  P1.4
  16                DRDY  ------  P1.5        
  17          */
  18          
  19          #include "delay.h"
  20          #include <reg52.h>
  21          #include <stdio.h>
  22          #include "tm7705.h"
  23          #define SOFT_SPI // C51 IO 口模拟 SPI 接口
  24          
  25          /* 通道1和通道2的增益,输入缓冲，极性 */
  26          #define __CH1_GAIN_BIPOLAR_BUF  (GAIN_1 | UNIPOLAR | BUF_EN)
  27          #define __CH2_GAIN_BIPOLAR_BUF  (GAIN_1 | UNIPOLAR | BUF_EN)
  28          
  29          #ifdef SOFT_SPI   /* 软件SPI */
  30            /* 定义GPIO端口 */
  31            sbit CS     = P1^0;
  32            sbit RESET  = P1^1;
  33            sbit DIN    = P1^2;
  34            sbit SCK    = P1^3;
  35            sbit DOUT   = P1^4;
  36            sbit DRDY = P1^5;
  37          
  38            /* 定义口线置0和置1的宏 */
  39            #define CS_0()    CS = 0
  40            #define CS_1()    CS = 1
  41          
  42            #define RESET_0() RESET = 0
  43            #define RESET_1() RESET = 1
  44          
  45            #define DI_0()    DIN = 0
  46            #define DI_1()    DIN = 1
  47          
  48            #define SCK_0()   SCK = 0 
  49            #define SCK_1()   SCK = 1
  50          
  51            #define DO_IS_HIGH()  (DOUT != 0)
  52          
  53            #define DRDY_IS_LOW() (DRDY == 0)
  54          #endif
C51 COMPILER V9.54   TM7705                                                                07/17/2015 21:57:06 PAGE 2   

  55          
  56          /* 通信寄存器bit定义 */
  57          enum {
  58            /* 寄存器选择  RS2 RS1 RS0  */
  59            REG_COMM  = 0x00, /* 通信寄存器 */
  60            REG_SETUP = 0x10, /* 设置寄存器 */
  61            REG_CLOCK = 0x20, /* 时钟寄存器 */
  62            REG_DATA  = 0x30, /* 数据寄存器 */
  63            REG_ZERO_CH1  = 0x60, /* CH1 偏移寄存器 */
  64            REG_FULL_CH1  = 0x70, /* CH1 满量程寄存器 */
  65            REG_ZERO_CH2  = 0x61, /* CH2 偏移寄存器 */
  66            REG_FULL_CH2  = 0x71, /* CH2 满量程寄存器 */
  67          
  68            /* 读写操作 */
  69            WRITE     = 0x00, /* 写操作 */
  70            READ    = 0x08, /* 读操作 */
  71          
  72            /* 通道 */
  73            CH_1    = 0,  /* AIN1+  AIN1- */
  74            CH_2    = 1,  /* AIN2+  AIN2- */
  75            CH_3    = 2,  /* AIN1-  AIN1- */
  76            CH_4    = 3   /* AIN1-  AIN2- */
  77          };
  78          
  79          /* 设置寄存器bit定义 */
  80          enum {
  81            MD_NORMAL   = (0 << 6), /* 正常模式 */
  82            MD_CAL_SELF   = (1 << 6), /* 自校准模式 */
  83            MD_CAL_ZERO   = (2 << 6), /* 校准0刻度模式 */
  84            MD_CAL_FULL   = (3 << 6), /* 校准满刻度模式 */
  85          
  86            GAIN_1      = (0 << 3), /* 增益 */
  87            GAIN_2      = (1 << 3), /* 增益 */
  88            GAIN_4      = (2 << 3), /* 增益 */
  89            GAIN_8      = (3 << 3), /* 增益 */
  90            GAIN_16     = (4 << 3), /* 增益 */
  91            GAIN_32     = (5 << 3), /* 增益 */
  92            GAIN_64     = (6 << 3), /* 增益 */
  93            GAIN_128    = (7 << 3), /* 增益 */
  94          
  95            /* 无论双极性还是单极性都不改变任何输入信号的状态，它只改变输出数据的代
             -码和转换函数上的校准点 */
  96            BIPOLAR     = (0 << 2), /* 双极性输入 */
  97            UNIPOLAR    = (1 << 2), /* 单极性输入 */
  98          
  99            BUF_NO      = (0 << 1), /* 输入无缓冲（内部缓冲器不启用) */
 100            BUF_EN      = (1 << 1), /* 输入有缓冲 (启用内部缓冲器) */
 101          
 102            FSYNC_0     = 0,
 103            FSYNC_1     = 1   /* 不启用 */
 104          };
 105          
 106          
 107          /* 时钟寄存器bit定义 */
 108          enum {
 109            CLKDIS_0  = 0x00,   /* 时钟输出使能 （当外接晶振时，必须使能才能振荡） */
 110            CLKDIS_1  = 0x10,   /* 时钟禁止 （当外部提供时钟时，设置该位可以禁止MCK_OUT引脚输
             -时钟以省电 */
 111          
 112            /*
 113              2.4576MHz（CLKDIV=0 ）或为 4.9152MHz （CLKDIV=1 ），CLK 应置 “0”。
 114              1MHz （CLKDIV=0 ）或 2MHz   （CLKDIV=1 ），CLK 该位应置  “1”
C51 COMPILER V9.54   TM7705                                                                07/17/2015 21:57:06 PAGE 3   

 115            */
 116            CLK_4_9152M = 0x08,
 117            CLK_2_4576M = 0x00,
 118            CLK_1M    = 0x04,
 119            CLK_2M    = 0x0C,
 120          
 121            FS_50HZ   = 0x00,
 122            FS_60HZ   = 0x01,
 123            FS_250HZ  = 0x02,
 124            FS_500HZ  = 0x04,
 125          
 126            /*
 127              四十九、电子秤应用中提高TM7705 精度的方法
 128                当使用主时钟为 2.4576MHz 时，强烈建议将时钟寄存器设为 84H,此时数据输出更新
             -率为10Hz,即每0.1S 输出一个新数据。
 129                当使用主时钟为 1MHz 时，强烈建议将时钟寄存器设为80H, 此时数据输出更新率
             -4Hz, 即每0.25S 输出一个新数据
 130            */
 131            ZERO_0    = 0x00,
 132            ZERO_1    = 0x80
 133          };
 134          
 135          
 136          static void TM7705_SyncSPI();
 137          static void TM7705_Send8Bit(unsigned char _data);
 138          static unsigned char TM7705_Recive8Bit();
 139          static void TM7705_WriteByte(unsigned char _data);
 140          static void TM7705_Write3Byte(unsigned long _data);
 141          static unsigned char TM7705_ReadByte();
 142          static unsigned short TM7705_Read2Byte();
 143          static unsigned long TM7705_Read3Byte();
 144          static void TM7705_WaitDRDY();
 145          static void TM7705_ResetHard();
 146          
 147          //初始化
 148          void TM7705_Init() {
 149   1        TM7705_ResetHard();   /* 硬件复位 */
 150   1        DelayMs(5);
 151   1      
 152   1        TM7705_SyncSPI();   /* 同步SPI接口时序 */
 153   1        DelayMs(5);
 154   1      
 155   1        /* 配置时钟寄存器 */
 156   1        /* 先写通信寄存器，下一步是写时钟寄存器 */
 157   1        TM7705_WriteByte(REG_CLOCK | WRITE | CH_1);     
 158   1        /* 使能外部晶振，刷新速率50Hz */
 159   1        TM7705_WriteByte(CLKDIS_0 | CLK_4_9152M | FS_50HZ); 
 160   1        //TM7705_WriteByte(CLKDIS_0 | CLK_4_9152M | FS_500HZ);  /* 刷新速率500Hz */
 161   1      
 162   1        /* 每次上电进行一次自校准 */
 163   1        TM7705_CalibSelf(1);  /* 内部自校准 CH1 */
 164   1        //TM7705_CalibSelf(2);  /* 内部自校准 CH2 */
 165   1        DelayMs(5);
 166   1      }
 167          
 168          //硬件复位
 169          static void TM7705_ResetHard() {
 170   1        RESET_1();
 171   1        DelayMs(1);
 172   1        RESET_0();
 173   1        DelayMs(2);
 174   1        RESET_1();
C51 COMPILER V9.54   TM7705                                                                07/17/2015 21:57:06 PAGE 4   

 175   1        DelayMs(1);
 176   1      }
 177          
 178          //同步SPI时序
 179          static void TM7705_SyncSPI() {
 180   1        /* AD7705串行接口失步后将其复位。复位后要延时500us再访问 */
 181   1        CS_0();
 182   1        TM7705_Send8Bit(0xFF);
 183   1        TM7705_Send8Bit(0xFF);
 184   1        TM7705_Send8Bit(0xFF);
 185   1        TM7705_Send8Bit(0xFF);
 186   1        CS_1();
 187   1      }
 188          
 189          //发送8个bit数据，不带片选CS
 190          static void TM7705_Send8Bit(unsigned char _data) {
 191   1        unsigned char i;
 192   1      
 193   1        for(i = 0; i < 8; i++) {
 194   2          if (_data & 0x80) {
 195   3            DI_1();
 196   3          }
 197   2          else {
 198   3            DI_0();
 199   3          }
 200   2          SCK_0();
 201   2          _data <<= 1;
 202   2          SCK_1();
 203   2        }
 204   1      }
 205          
 206          //接收8个bit数据，不带片选CS
 207          static unsigned char TM7705_Recive8Bit() {
 208   1        unsigned char i;
 209   1        unsigned char retc = 0;
 210   1      
 211   1        for (i = 0; i < 8; i++) {
 212   2          SCK_0();
 213   2          retc <<= 1;
 214   2          if (DO_IS_HIGH()) {
 215   3            retc++;
 216   3          }
 217   2          SCK_1();
 218   2        }
 219   1        return retc;
 220   1      }
 221          
 222          //发送1个byte数据，带片选CS
 223          static void TM7705_WriteByte(unsigned char _data) {
 224   1        CS_0();
 225   1        TM7705_Send8Bit(_data);
 226   1        CS_1();
 227   1      }
 228          
 229          //发送3个byte数据，带片选CS
 230          static void TM7705_Write3Byte(unsigned long _data)
 231          {
 232   1        CS_0();
 233   1        TM7705_Send8Bit((_data >> 16) & 0xFF);
 234   1        TM7705_Send8Bit((_data >> 8) & 0xFF);
 235   1        TM7705_Send8Bit(_data);
 236   1        CS_1();
C51 COMPILER V9.54   TM7705                                                                07/17/2015 21:57:06 PAGE 5   

 237   1      }
 238          
 239          
 240          // 功能说明: 从AD芯片读取一个字（8位）
 241          static unsigned char TM7705_ReadByte() {
 242   1        unsigned char read;
 243   1      
 244   1        CS_0();
 245   1        read = TM7705_Recive8Bit();
 246   1        CS_1();
 247   1      
 248   1        return read;
 249   1      }
 250          
 251          // 功能说明: 读2字节数据
 252          static unsigned short TM7705_Read2Byte() {
 253   1        unsigned short read;
 254   1      
 255   1        CS_0();
 256   1        read = TM7705_Recive8Bit();
 257   1        read <<= 8;
 258   1        read += TM7705_Recive8Bit();
 259   1        CS_1();
 260   1      
 261   1        return read;
 262   1      }
 263          
 264          // 功能说明: 读3字节数据
 265          static unsigned long TM7705_Read3Byte() {
 266   1        unsigned long read;
 267   1      
 268   1        CS_0();
 269   1        read = TM7705_Recive8Bit();
 270   1        read <<= 8;
 271   1        read += TM7705_Recive8Bit();
 272   1        read <<= 8;
 273   1        read += TM7705_Recive8Bit();
 274   1        CS_1();
 275   1      
 276   1        return read;
 277   1      }
 278          
 279          //  功能说明: 等待内部操作完成。 自校准时间较长，需要等待。
 280          static void TM7705_WaitDRDY() {
 281   1        unsigned short i;
 282   1      
 283   1        for (i = 0; i < 8000; i++) {
 284   2          if (DRDY_IS_LOW()) {
 285   3            break;
 286   3          }
 287   2        }
 288   1      
 289   1        if (i >= 8000) {
 290   2          //printf("TM7705_WaitDRDY() 芯片应答超时 ...\r\n"); /* 调试语句. 用语排错 */
 291   2          //printf("重新同步SPI接口时序\r\n");  /* 调试语句. 用语排错 */
 292   2          //printf("restart SPI bus\r\n");
 293   2          TM7705_SyncSPI();  /* 同步SPI接口时序 */
 294   2          //DelayMs(5);
 295   2        }
 296   1      }
 297          
 298          /*
C51 COMPILER V9.54   TM7705                                                                07/17/2015 21:57:06 PAGE 6   

 299          *********************************************************************************************************
 300          * 功能说明: 写指定的寄存器
 301          * 形    参:  _RegID : 寄存器ID
 302          *       _RegValue : 寄存器值。 对于8位的寄存器，取32位形参的低8bit
 303          * 返 回 值: 无
 304          *********************************************************************************************************
 305          */
 306          void TM7705_WriteReg(unsigned char _RegID, unsigned long _RegValue) {
 307   1        unsigned char bits;
 308   1      
 309   1        switch (_RegID) {
 310   2          case REG_COMM:    /* 通信寄存器 */
 311   2          case REG_SETUP:   /* 设置寄存器 8bit */
 312   2          case REG_CLOCK:   /* 时钟寄存器 8bit */
 313   2            bits = 8;
 314   2            break;
 315   2      
 316   2          case REG_ZERO_CH1:  /* CH1 偏移寄存器 24bit */
 317   2          case REG_FULL_CH1:  /* CH1 满量程寄存器 24bit */
 318   2          case REG_ZERO_CH2:  /* CH2 偏移寄存器 24bit */
 319   2          case REG_FULL_CH2:  /* CH2 满量程寄存器 24bit*/
 320   2            bits = 24;
 321   2            break;
 322   2      
 323   2          case REG_DATA:    /* 数据寄存器 16bit */
 324   2          default:
 325   2            return;
 326   2        }
 327   1      
 328   1        TM7705_WriteByte(_RegID | WRITE); /* 写通信寄存器, 指定下一步是写操作，并指定写哪个
             -寄存器 */
 329   1      
 330   1        if (bits == 8) {
 331   2          TM7705_WriteByte((unsigned char)_RegValue);
 332   2        }
 333   1        else { //24 bits
 334   2          TM7705_Write3Byte(_RegValue);
 335   2        }
 336   1      }
 337          
 338          /*
 339          *********************************************************************************************************
 340          * 功能说明: 读指定的寄存器
 341          * 形    参:  _RegID : 寄存器ID
 342          *       _RegValue : 寄存器值。 对于8位的寄存器，取32位形参的低8bit
 343          * 返 回 值: 读到的寄存器值。 对于8位的寄存器，取32位形参的低8bit
 344          *********************************************************************************************************
 345          */
 346          unsigned long TM7705_ReadReg(unsigned char _RegID) {
 347   1        unsigned char bits;
 348   1        unsigned long read;
 349   1      
 350   1        switch (_RegID) {
 351   2          case REG_COMM:    /* 通信寄存器 */
 352   2          case REG_SETUP:   /* 设置寄存器 8bit */
 353   2          case REG_CLOCK:   /* 时钟寄存器 8bit */
 354   2            bits = 8;
 355   2            break;
 356   2      
 357   2          case REG_ZERO_CH1:  /* CH1 偏移寄存器 24bit */
 358   2          case REG_FULL_CH1:  /* CH1 满量程寄存器 24bit */
 359   2          case REG_ZERO_CH2:  /* CH2 偏移寄存器 24bit */
C51 COMPILER V9.54   TM7705                                                                07/17/2015 21:57:06 PAGE 7   

 360   2          case REG_FULL_CH2:  /* CH2 满量程寄存器 24bit*/
 361   2            bits = 24;
 362   2            break;
 363   2      
 364   2          case REG_DATA:    /* 数据寄存器 16bit */
 365   2          default:
 366   2            return 0xFFFFFFFF;
 367   2        }
 368   1      
 369   1        TM7705_WriteByte(_RegID | READ);  /* 写通信寄存器, 指定下一步是写操作，并指定写哪个
             -存器 */
 370   1      
 371   1        if (bits == 16) {
 372   2          read = TM7705_Read2Byte();
 373   2        }
 374   1        else if (bits == 8) {
 375   2          read = TM7705_ReadByte();
 376   2        }
 377   1        else {  // 24 bits
 378   2          read = TM7705_Read3Byte();
 379   2        }
 380   1        return read;
 381   1      }
 382          
 383          /*
 384          *********************************************************************************************************
 385          * 函 数 名: TM7705_CalibSelf
 386          * 功能说明: 启动自校准. 内部自动短接AIN+ AIN-校准0位，内部短接到Vref 校准满位
             -此函数执行过程较长，
 387          *       实测约 180ms
 388          * 形    参:  _ch : ADC通道，1或2
 389          * 返 回 值: 无
 390          *********************************************************************************************************
 391          */
 392          void TM7705_CalibSelf(unsigned char _ch) {
 393   1        if (_ch == 1) {
 394   2          /* 自校准CH1 */
 395   2          TM7705_WriteByte(REG_SETUP | WRITE | CH_1); /* 写通信寄存器，下一步是写设置寄存器，通
             -道1 */
 396   2          TM7705_WriteByte(MD_CAL_SELF | __CH1_GAIN_BIPOLAR_BUF | FSYNC_0);/* 启动自校准 */
 397   2          TM7705_WaitDRDY();  /* 等待内部操作完成 --- 时间较长，约180ms */
 398   2        }
 399   1        
 400   1        else if (_ch == 2) {
 401   2          /* 自校准CH2 */
 402   2          TM7705_WriteByte(REG_SETUP | WRITE | CH_2); /* 写通信寄存器，下一步是写设置寄存器，通
             -道2 */
 403   2          TM7705_WriteByte(MD_CAL_SELF | __CH2_GAIN_BIPOLAR_BUF | FSYNC_0); /* 启动自校准 */
 404   2          TM7705_WaitDRDY();  /* 等待内部操作完成  --- 时间较长，约180ms */
 405   2        }
 406   1      }
 407          
 408          /*
 409          *********************************************************************************************************
 410          * 函 数 名: TM7705_SytemCalibZero
 411          * 功能说明: 启动系统校准零位. 请将AIN+ AIN-短接后，执行该函数。校准应该由主
             -序控制并保存校准参数。
 412          *      执行完毕后。可以通过 TM7705_ReadReg(REG_ZERO_CH1) 和  TM7705_ReadReg(REG_ZERO_CH2) 读取
             -准参数。
 413          * 形    参: _ch : ADC通道，1或2
 414          * 返 回 值: 无
 415          *********************************************************************************************************
C51 COMPILER V9.54   TM7705                                                                07/17/2015 21:57:06 PAGE 8   

 416          */
 417          void TM7705_SytemCalibZero(unsigned char _ch) {
 418   1        if (_ch == 1) {
 419   2          /* 校准CH1 */
 420   2          TM7705_WriteByte(REG_SETUP | WRITE | CH_1); /* 写通信寄存器，下一步是写设置寄存器，通
             -道1 */
 421   2          TM7705_WriteByte(MD_CAL_ZERO | __CH1_GAIN_BIPOLAR_BUF | FSYNC_0);/* 启动自校准 */
 422   2          TM7705_WaitDRDY();  /* 等待内部操作完成 */
 423   2        }
 424   1        else if (_ch == 2) {
 425   2          /* 校准CH2 */
 426   2          TM7705_WriteByte(REG_SETUP | WRITE | CH_2); /* 写通信寄存器，下一步是写设置寄存器，通
             -道2 */
 427   2          TM7705_WriteByte(MD_CAL_ZERO | __CH2_GAIN_BIPOLAR_BUF | FSYNC_0); /* 启动自校准 */
 428   2          TM7705_WaitDRDY();  /* 等待内部操作完成 */
 429   2        }
 430   1      }
 431          
 432          /*
 433          *********************************************************************************************************
 434          * 函 数 名: TM7705_SytemCalibFull
 435          * 功能说明: 启动系统校准满位. 请将AIN+ AIN-接最大输入电压源，执行该函数。校
             -应该由主程序控制并保存校准参数。
 436          *      执行完毕后。可以通过 TM7705_ReadReg(REG_FULL_CH1) 和  TM7705_ReadReg(REG_FULL_CH2) 读取
             -准参数。
 437          * 形    参:  _ch : ADC通道，1或2
 438          * 返 回 值: 无
 439          *********************************************************************************************************
 440          */
 441          void TM7705_SytemCalibFull(unsigned char _ch) {
 442   1        if (_ch == 1) {
 443   2          /* 校准CH1 */
 444   2          TM7705_WriteByte(REG_SETUP | WRITE | CH_1); /* 写通信寄存器，下一步是写设置寄存器，通
             -道1 */
 445   2          TM7705_WriteByte(MD_CAL_FULL | __CH1_GAIN_BIPOLAR_BUF | FSYNC_0);/* 启动自校准 */
 446   2          TM7705_WaitDRDY();  /* 等待内部操作完成 */
 447   2        }
 448   1        else if (_ch == 2) {
 449   2          /* 校准CH2 */
 450   2          TM7705_WriteByte(REG_SETUP | WRITE | CH_2); /* 写通信寄存器，下一步是写设置寄存器，通
             -道2 */
 451   2          TM7705_WriteByte(MD_CAL_FULL | __CH2_GAIN_BIPOLAR_BUF | FSYNC_0); /* 启动自校准 */
 452   2          TM7705_WaitDRDY();  /* 等待内部操作完成 */
 453   2        }
 454   1      }
 455          
 456          /*
 457          *********************************************************************************************************
 458          * 函 数 名: TM7705_ReadAdc
 459          * 功能说明: 读通道1或2的ADC数据
 460          * 形    参:  _ch : ADC通道，1或2
 461          * 返 回 值: 0 ~ 65535
 462          *********************************************************************************************************
 463          */
 464          unsigned short TM7705_ReadAdc(unsigned char _ch) {
 465   1        unsigned char i;
 466   1        unsigned short read = 0;
 467   1      
 468   1        /* 为了避免通道切换造成读数失效，读2次 */
 469   1        for (i = 0; i < 2; i++) {
 470   2          TM7705_WaitDRDY();    /* 等待DRDY口线为0 */
 471   2      
C51 COMPILER V9.54   TM7705                                                                07/17/2015 21:57:06 PAGE 9   

 472   2          if (_ch == 1) {
 473   3            TM7705_WriteByte(0x38);
 474   3          }
 475   2          else if (_ch == 2) {
 476   3            TM7705_WriteByte(0x39);
 477   3          }
 478   2      
 479   2          read = TM7705_Read2Byte();
 480   2        }
 481   1        return read;
 482   1      }
 483          
 484          
 485          
 486          


MODULE INFORMATION:   STATIC OVERLAYABLE
   CODE SIZE        =    646    ----
   CONSTANT SIZE    =   ----    ----
   XDATA SIZE       =   ----    ----
   PDATA SIZE       =   ----    ----
   DATA SIZE        =   ----      27
   IDATA SIZE       =   ----    ----
   BIT SIZE         =   ----    ----
END OF MODULE INFORMATION.


C51 COMPILATION COMPLETE.  0 WARNING(S),  0 ERROR(S)
