C51 COMPILER V9.54   UART                                                                  07/22/2015 21:48:18 PAGE 1   


C51 COMPILER V9.54, COMPILATION OF MODULE UART
OBJECT MODULE PLACED IN .\Objects\uart.obj
COMPILER INVOKED BY: C:\Keil_v5\C51\BIN\C51.EXE uart.c OPTIMIZE(8,SPEED) BROWSE DEBUG OBJECTEXTEND PRINT(.\Listings\uart
                    -.lst) TABS(2) OBJECT(.\Objects\uart.obj)

line level    source

   1          /*
   2            串口驱动模块
   3          */
   4          
   5          #include <reg52.h>
   6          
   7          static char echo_flag = 0;
   8          
   9          // 串口中断
  10          void UART_isr() interrupt 4 {
  11   1        if (RI) {
  12   2      
  13   2        }
  14   1      }
  15          
  16          //串口初始化
  17          void UART_Init() {      //9600bps@11.0592MHz
  18   1        PCON &= 0x7F;   //波特率不倍速
  19   1        SCON = 0x50;    //8位数据,可变波特率
  20   1        TMOD &= 0x0F;   //清除定时器1模式位
  21   1        TMOD |= 0x20;   //设定定时器1为8位自动重装方式
  22   1        TL1 = 0xFD;   //设定定时初值
  23   1        TH1 = 0xFD;   //设定定时器重装值
  24   1        ET1 = 0;    //禁止定时器1中断
  25   1        TR1 = 1;    //启动定时器1
  26   1        TI = 1;
  27   1      }
  28          
  29          //复写 putchar
  30          char putchar(char c) {
  31   1        if(!echo_flag) {
  32   2          if (c == '\n') {
  33   3            while (!TI);
  34   3              TI = 0;
  35   3              SBUF = 0x0D;   /* output CR  */
  36   3            }
  37   2            while (!TI);
  38   2            TI = 0;
  39   2            SBUF = c;
  40   2        }
  41   1        echo_flag = 0;
  42   1        return c;
  43   1      }
  44          
  45          //复写 _getkey()
  46          char _getkey() {
  47   1        char c;
  48   1          while (!RI);
  49   1          c = SBUF;
  50   1          RI = 0;
  51   1          echo_flag = 1;
  52   1          return c;
  53   1      }

C51 COMPILER V9.54   UART                                                                  07/22/2015 21:48:18 PAGE 2   


MODULE INFORMATION:   STATIC OVERLAYABLE
   CODE SIZE        =     63    ----
   CONSTANT SIZE    =   ----    ----
   XDATA SIZE       =   ----    ----
   PDATA SIZE       =   ----    ----
   DATA SIZE        =      1    ----
   IDATA SIZE       =   ----    ----
   BIT SIZE         =   ----    ----
END OF MODULE INFORMATION.


C51 COMPILATION COMPLETE.  0 WARNING(S),  0 ERROR(S)
